app/build/intermediates/manifest_merge_blame_file/release/processReleaseMainManifest/manifest-merger-blame-release-report.txt
1<?xml version="1.0" encoding="utf-8"?>
2<!--
3    Copyright 2019 Google Inc. All Rights Reserved.
4
5     Licensed under the Apache License, Version 2.0 (the "License");
6     you may not use this file except in compliance with the License.
7     You may obtain a copy of the License at
8
9         http://www.apache.org/licenses/LICENSE-2.0
10
11     Unless required by applicable law or agreed to in writing, software
12     distributed under the License is distributed on an "AS IS" BASIS,
13     WITHOUT WARRANTIES OR CONDITIONS OF ANY KIND, either express or implied.
14     See the License for the specific language governing permissions and
15     limitations under the License.
16-->
17<!--
18 The "package" attribute is rewritten by the Gradle build with the value of applicationId.
19     It is still required here, as it is used to derive paths, for instance when referring
20     to an Activity by ".MyActivity" instead of the full name. If more Activities are added to the
21     application, the package attribute will need to reflect the correct path in order to use
22     the abbreviated format.
23-->
24<manifest xmlns:android="http://schemas.android.com/apk/res/android"
25    package="com.sfe.her"
26    android:versionCode="2"
27    android:versionName="2" >
28
29    <uses-sdk
30        android:minSdkVersion="21"
31        android:targetSdkVersion="35" />
32
33    <uses-permission android:name="android.permission.POST_NOTIFICATIONS" />
33-->src\main\AndroidManifest.xml:26:9-80
33-->src\main\AndroidManifest.xml:26:26-78
34    <uses-permission android:name="android.permission.ACCESS_FINE_LOCATION" />
34-->[com.google.androidbrowserhelper:locationdelegation:1.1.1] AndroidManifest.xml:11:5-79
34-->[com.google.androidbrowserhelper:locationdelegation:1.1.1] AndroidManifest.xml:11:22-76
35    <uses-permission android:name="android.permission.ACCESS_COARSE_LOCATION" />
35-->[com.google.androidbrowserhelper:locationdelegation:1.1.1] AndroidManifest.xml:12:5-81
35-->[com.google.androidbrowserhelper:locationdelegation:1.1.1] AndroidManifest.xml:12:22-78
36
37    <queries>
37-->[com.google.androidbrowserhelper:androidbrowserhelper:2.5.0] AndroidManifest.xml:26:5-34:15
38        <intent>
38-->[com.google.androidbrowserhelper:androidbrowserhelper:2.5.0] AndroidManifest.xml:27:9-33:18
39            <action android:name="android.intent.action.VIEW" />
39-->src\main\AndroidManifest.xml:137:17-68
39-->src\main\AndroidManifest.xml:137:25-66
40
41            <category android:name="android.intent.category.BROWSABLE" />
41-->src\main\AndroidManifest.xml:139:17-77
41-->src\main\AndroidManifest.xml:139:27-75
42
43            <data android:scheme="https" />
43-->src\main\AndroidManifest.xml:140:17-145:19
43-->src\main\AndroidManifest.xml:140:23-45
44        </intent>
45    </queries>
46
47    <application
47-->src\main\AndroidManifest.xml:35:5-191:19
48        android:name="com.sfe.her.Application"
48-->src\main\AndroidManifest.xml:36:9-35
49        android:allowBackup="true"
49-->src\main\AndroidManifest.xml:37:9-35
50        android:appComponentFactory="androidx.core.app.CoreComponentFactory"
50-->[androidx.core:core:1.2.0] AndroidManifest.xml:24:18-86
51        android:extractNativeLibs="true"
52        android:icon="@mipmap/ic_launcher"
52-->src\main\AndroidManifest.xml:38:9-43
53        android:label="@string/appName"
53-->src\main\AndroidManifest.xml:39:9-40
54        android:manageSpaceActivity="com.google.androidbrowserhelper.trusted.ManageDataLauncherActivity"
54-->src\main\AndroidManifest.xml:41:9-105
55        android:supportsRtl="true"
55-->src\main\AndroidManifest.xml:43:9-35
56        android:theme="@android:style/Theme.Translucent.NoTitleBar" >
56-->src\main\AndroidManifest.xml:44:9-68
57        <meta-data
57-->src\main\AndroidManifest.xml:46:9-48:58
58            android:name="asset_statements"
58-->src\main\AndroidManifest.xml:47:13-44
59            android:resource="@string/assetStatements" />
59-->src\main\AndroidManifest.xml:48:13-55
60        <meta-data
60-->src\main\AndroidManifest.xml:51:13-53:58
61            android:name="web_manifest_url"
61-->src\main\AndroidManifest.xml:52:17-48
62            android:value="@string/webManifestUrl" />
62-->src\main\AndroidManifest.xml:53:17-55
63        <meta-data
63-->src\main\AndroidManifest.xml:56:9-58:52
64            android:name="twa_generator"
64-->src\main\AndroidManifest.xml:57:13-41
65            android:value="@string/generatorApp" />
65-->src\main\AndroidManifest.xml:58:13-49
66
67        <activity android:name="com.google.androidbrowserhelper.trusted.ManageDataLauncherActivity" >
67-->src\main\AndroidManifest.xml:65:13-69:24
67-->src\main\AndroidManifest.xml:65:23-104
68            <meta-data
68-->src\main\AndroidManifest.xml:66:13-68:53
69                android:name="android.support.customtabs.trusted.MANAGE_SPACE_URL"
69-->src\main\AndroidManifest.xml:67:17-83
70                android:value="@string/launchUrl" />
70-->src\main\AndroidManifest.xml:68:17-50
71        </activity>
72        <activity
72-->src\main\AndroidManifest.xml:72:9-149:20
73            android:name="com.sfe.her.LauncherActivity"
73-->src\main\AndroidManifest.xml:72:19-50
74            android:alwaysRetainTaskState="true"
74-->src\main\AndroidManifest.xml:73:13-49
75            android:exported="true"
75-->src\main\AndroidManifest.xml:75:13-36
76            android:label="@string/launcherName" >
76-->src\main\AndroidManifest.xml:74:13-49
77            <meta-data
77-->src\main\AndroidManifest.xml:76:13-77:53
78                android:name="android.support.customtabs.trusted.DEFAULT_URL"
78-->src\main\AndroidManifest.xml:76:24-85
79                android:value="@string/launchUrl" />
79-->src\main\AndroidManifest.xml:77:17-50
80            <meta-data
80-->src\main\AndroidManifest.xml:79:13-81:58
81                android:name="android.support.customtabs.trusted.STATUS_BAR_COLOR"
81-->src\main\AndroidManifest.xml:80:17-83
82                android:resource="@color/colorPrimary" />
82-->src\main\AndroidManifest.xml:81:17-55
83            <meta-data
83-->src\main\AndroidManifest.xml:83:13-85:62
84                android:name="android.support.customtabs.trusted.STATUS_BAR_COLOR_DARK"
84-->src\main\AndroidManifest.xml:84:17-88
85                android:resource="@color/colorPrimaryDark" />
85-->src\main\AndroidManifest.xml:85:17-59
86            <meta-data
86-->src\main\AndroidManifest.xml:87:13-89:61
87                android:name="android.support.customtabs.trusted.NAVIGATION_BAR_COLOR"
87-->src\main\AndroidManifest.xml:88:17-87
88                android:resource="@color/navigationColor" />
88-->src\main\AndroidManifest.xml:89:17-58
89            <meta-data
89-->src\main\AndroidManifest.xml:91:13-93:65
90                android:name="android.support.customtabs.trusted.NAVIGATION_BAR_COLOR_DARK"
90-->src\main\AndroidManifest.xml:92:17-92
91                android:resource="@color/navigationColorDark" />
91-->src\main\AndroidManifest.xml:93:17-62
92            <meta-data
92-->src\main\AndroidManifest.xml:95:13-97:68
93                android:name="androix.browser.trusted.NAVIGATION_BAR_DIVIDER_COLOR"
93-->src\main\AndroidManifest.xml:96:17-84
94                android:resource="@color/navigationDividerColor" />
94-->src\main\AndroidManifest.xml:97:17-65
95            <meta-data
95-->src\main\AndroidManifest.xml:99:13-101:72
96                android:name="androix.browser.trusted.NAVIGATION_BAR_DIVIDER_COLOR_DARK"
96-->src\main\AndroidManifest.xml:100:17-89
97                android:resource="@color/navigationDividerColorDark" />
97-->src\main\AndroidManifest.xml:101:17-69
98            <meta-data
98-->src\main\AndroidManifest.xml:103:13-104:54
99                android:name="android.support.customtabs.trusted.SPLASH_IMAGE_DRAWABLE"
99-->src\main\AndroidManifest.xml:103:24-95
100                android:resource="@drawable/splash" />
100-->src\main\AndroidManifest.xml:104:17-52
101            <meta-data
101-->src\main\AndroidManifest.xml:106:13-107:60
102                android:name="android.support.customtabs.trusted.SPLASH_SCREEN_BACKGROUND_COLOR"
102-->src\main\AndroidManifest.xml:106:24-104
103                android:resource="@color/backgroundColor" />
103-->src\main\AndroidManifest.xml:107:17-58
104            <meta-data
104-->src\main\AndroidManifest.xml:109:13-110:71
105                android:name="android.support.customtabs.trusted.SPLASH_SCREEN_FADE_OUT_DURATION"
105-->src\main\AndroidManifest.xml:109:24-105
106                android:value="@integer/splashScreenFadeOutDuration" />
106-->src\main\AndroidManifest.xml:110:17-69
107            <meta-data
107-->src\main\AndroidManifest.xml:112:13-113:60
108                android:name="android.support.customtabs.trusted.FILE_PROVIDER_AUTHORITY"
108-->src\main\AndroidManifest.xml:112:24-97
109                android:value="@string/providerAuthority" />
109-->src\main\AndroidManifest.xml:113:17-58
110            <meta-data
110-->src\main\AndroidManifest.xml:115:13-97
111                android:name="android.app.shortcuts"
111-->src\main\AndroidManifest.xml:115:24-60
112                android:resource="@xml/shortcuts" />
112-->src\main\AndroidManifest.xml:115:61-94
113            <meta-data
113-->src\main\AndroidManifest.xml:117:13-118:56
114                android:name="android.support.customtabs.trusted.FALLBACK_STRATEGY"
114-->src\main\AndroidManifest.xml:117:24-91
115                android:value="@string/fallbackType" />
115-->src\main\AndroidManifest.xml:118:17-53
116            <meta-data
116-->src\main\AndroidManifest.xml:124:13-125:54
117                android:name="android.support.customtabs.trusted.SCREEN_ORIENTATION"
117-->src\main\AndroidManifest.xml:124:24-92
118                android:value="@string/orientation" />
118-->src\main\AndroidManifest.xml:125:17-52
119
120            <intent-filter>
120-->src\main\AndroidManifest.xml:131:13-134:29
121                <action android:name="android.intent.action.MAIN" />
121-->src\main\AndroidManifest.xml:132:17-69
121-->src\main\AndroidManifest.xml:132:25-66
122
123                <category android:name="android.intent.category.LAUNCHER" />
123-->src\main\AndroidManifest.xml:133:17-77
123-->src\main\AndroidManifest.xml:133:27-74
124            </intent-filter>
125            <intent-filter android:autoVerify="true" >
125-->src\main\AndroidManifest.xml:136:13-146:29
125-->src\main\AndroidManifest.xml:136:28-53
126                <action android:name="android.intent.action.VIEW" />
126-->src\main\AndroidManifest.xml:137:17-68
126-->src\main\AndroidManifest.xml:137:25-66
127
128                <category android:name="android.intent.category.DEFAULT" />
128-->src\main\AndroidManifest.xml:138:17-76
128-->src\main\AndroidManifest.xml:138:27-73
129                <category android:name="android.intent.category.BROWSABLE" />
129-->src\main\AndroidManifest.xml:139:17-77
129-->src\main\AndroidManifest.xml:139:27-75
130
131                <data
131-->src\main\AndroidManifest.xml:140:17-145:19
132                    android:host="@string/hostName"
132-->src\main\AndroidManifest.xml:141:21-52
133                    android:pathPrefix="/Chirag-Mukhija/Women_safety/refs/heads/main/"
133-->src\main\AndroidManifest.xml:143:21-87
134                    android:scheme="https" />
134-->src\main\AndroidManifest.xml:140:23-45
135            </intent-filter>
136        </activity>
137        <activity android:name="com.google.androidbrowserhelper.trusted.FocusActivity" />
137-->src\main\AndroidManifest.xml:151:9-90
137-->src\main\AndroidManifest.xml:151:19-87
138        <activity
138-->src\main\AndroidManifest.xml:153:9-154:62
139            android:name="com.google.androidbrowserhelper.trusted.WebViewFallbackActivity"
139-->src\main\AndroidManifest.xml:153:19-97
140            android:configChanges="orientation|screenSize" />
140-->src\main\AndroidManifest.xml:154:13-59
141
142        <provider
142-->src\main\AndroidManifest.xml:156:9-164:20
143            android:name="androidx.core.content.FileProvider"
143-->src\main\AndroidManifest.xml:157:13-62
144            android:authorities="@string/providerAuthority"
144-->src\main\AndroidManifest.xml:158:13-60
145            android:exported="false"
145-->src\main\AndroidManifest.xml:160:13-37
146            android:grantUriPermissions="true" >
146-->src\main\AndroidManifest.xml:159:13-47
147            <meta-data
147-->src\main\AndroidManifest.xml:161:13-163:53
148                android:name="android.support.FILE_PROVIDER_PATHS"
148-->src\main\AndroidManifest.xml:162:17-67
149                android:resource="@xml/filepaths" />
149-->src\main\AndroidManifest.xml:163:17-50
150        </provider>
151
152        <service
152-->src\main\AndroidManifest.xml:166:9-181:19
153            android:name="com.sfe.her.DelegationService"
153-->src\main\AndroidManifest.xml:167:13-46
154            android:enabled="@bool/enableNotification"
154-->src\main\AndroidManifest.xml:168:13-55
155            android:exported="@bool/enableNotification" >
155-->src\main\AndroidManifest.xml:169:13-56
156            <meta-data
156-->src\main\AndroidManifest.xml:172:17-174:73
157                android:name="android.support.customtabs.trusted.SMALL_ICON"
157-->src\main\AndroidManifest.xml:173:21-81
158                android:resource="@drawable/ic_notification_icon" />
158-->src\main\AndroidManifest.xml:174:21-70
159
160            <intent-filter>
160-->src\main\AndroidManifest.xml:177:13-180:29
161                <action android:name="android.support.customtabs.trusted.TRUSTED_WEB_ACTIVITY_SERVICE" />
161-->src\main\AndroidManifest.xml:178:17-105
161-->src\main\AndroidManifest.xml:178:25-103
162
163                <category android:name="android.intent.category.DEFAULT" />
163-->src\main\AndroidManifest.xml:138:17-76
163-->src\main\AndroidManifest.xml:138:27-73
164            </intent-filter>
165        </service>
166
167        <activity android:name="com.google.androidbrowserhelper.trusted.NotificationPermissionRequestActivity" />
167-->src\main\AndroidManifest.xml:184:13-118
167-->src\main\AndroidManifest.xml:184:23-115
168        <activity android:name="com.google.androidbrowserhelper.locationdelegation.PermissionRequestActivity" />
168-->src\main\AndroidManifest.xml:188:13-189:89
168-->src\main\AndroidManifest.xml:188:23-123
169        <activity
169-->[com.google.android.gms:play-services-base:18.1.0] AndroidManifest.xml:20:9-22:45
170            android:name="com.google.android.gms.common.api.GoogleApiActivity"
170-->[com.google.android.gms:play-services-base:18.1.0] AndroidManifest.xml:20:19-85
171            android:exported="false"
171-->[com.google.android.gms:play-services-base:18.1.0] AndroidManifest.xml:22:19-43
172            android:theme="@android:style/Theme.Translucent.NoTitleBar" />
172-->[com.google.android.gms:play-services-base:18.1.0] AndroidManifest.xml:21:19-78
173
174        <meta-data
174-->[com.google.android.gms:play-services-basement:18.1.0] AndroidManifest.xml:21:9-23:69
175            android:name="com.google.android.gms.version"
175-->[com.google.android.gms:play-services-basement:18.1.0] AndroidManifest.xml:22:13-58
176            android:value="@integer/google_play_services_version" />
176-->[com.google.android.gms:play-services-basement:18.1.0] AndroidManifest.xml:23:13-66
177    </application>
178
179</manifest>